app/build/intermediates/manifest_merge_blame_file/debug/processDebugMainManifest/manifest-merger-blame-debug-report.txt
1<?xml version="1.0" encoding="utf-8"?>
2<manifest xmlns:android="http://schemas.android.com/apk/res/android"
3    package="com.example.mapboxnavigation"
4    android:versionCode="1"
5    android:versionName="1.0" >
6
7    <uses-sdk
8        android:minSdkVersion="24"
9        android:targetSdkVersion="34" />
10
11    <uses-permission android:name="android.permission.ACCESS_FINE_LOCATION" />
11-->src\main\AndroidManifest.xml:5:5-79
11-->src\main\AndroidManifest.xml:5:22-76
12    <uses-permission android:name="android.permission.ACCESS_COARSE_LOCATION" />
12-->src\main\AndroidManifest.xml:6:5-81
12-->src\main\AndroidManifest.xml:6:22-78
13    <uses-permission android:name="android.permission.POST_NOTIFICATIONS" />
13-->src\main\AndroidManifest.xml:7:5-77
13-->src\main\AndroidManifest.xml:7:22-74
14    <uses-permission android:name="android.permission.FOREGROUND_SERVICE" />
14-->[com.mapbox.navigation:core:2.15.2] AndroidManifest.xml:12:5-77
14-->[com.mapbox.navigation:core:2.15.2] AndroidManifest.xml:12:22-74
15    <uses-permission android:name="android.permission.INTERNET" />
15-->[com.mapbox.navigation:core:2.15.2] AndroidManifest.xml:14:5-67
15-->[com.mapbox.navigation:core:2.15.2] AndroidManifest.xml:14:22-64
16    <uses-permission android:name="android.permission.ACCESS_NETWORK_STATE" />
16-->[com.mapbox.navigation:core:2.15.2] AndroidManifest.xml:15:5-79
16-->[com.mapbox.navigation:core:2.15.2] AndroidManifest.xml:15:22-76
17    <uses-permission android:name="android.permission.CHANGE_NETWORK_STATE" />
17-->[com.mapbox.navigator:mapbox-navigation-native:148.0.2] AndroidManifest.xml:10:5-79
17-->[com.mapbox.navigator:mapbox-navigation-native:148.0.2] AndroidManifest.xml:10:22-76
18
19    <uses-feature
19-->[com.mapbox.maps:android-core:10.15.0] AndroidManifest.xml:10:5-12:35
20        android:glEsVersion="0x00020000"
20-->[com.mapbox.maps:android-core:10.15.0] AndroidManifest.xml:11:9-41
21        android:required="true" />
21-->[com.mapbox.maps:android-core:10.15.0] AndroidManifest.xml:12:9-32
22    <uses-feature
22-->[com.mapbox.maps:android-core:10.15.0] AndroidManifest.xml:13:5-15:36
23        android:name="android.hardware.wifi"
23-->[com.mapbox.maps:android-core:10.15.0] AndroidManifest.xml:14:9-45
24        android:required="false" />
24-->[com.mapbox.maps:android-core:10.15.0] AndroidManifest.xml:15:9-33
25
26    <uses-permission android:name="android.permission.ACCESS_WIFI_STATE" />
26-->[com.mapbox.maps:android-core:10.15.0] AndroidManifest.xml:19:5-76
26-->[com.mapbox.maps:android-core:10.15.0] AndroidManifest.xml:19:22-73
27    <uses-permission android:name="android.permission.WAKE_LOCK" />
27-->[androidx.work:work-runtime:2.7.1] AndroidManifest.xml:25:5-68
27-->[androidx.work:work-runtime:2.7.1] AndroidManifest.xml:25:22-65
28    <uses-permission android:name="android.permission.RECEIVE_BOOT_COMPLETED" />
28-->[androidx.work:work-runtime:2.7.1] AndroidManifest.xml:27:5-81
28-->[androidx.work:work-runtime:2.7.1] AndroidManifest.xml:27:22-78
29
30    <permission
30-->[androidx.core:core:1.13.1] AndroidManifest.xml:22:5-24:47
31        android:name="com.example.mapboxnavigation.DYNAMIC_RECEIVER_NOT_EXPORTED_PERMISSION"
31-->[androidx.core:core:1.13.1] AndroidManifest.xml:23:9-81
32        android:protectionLevel="signature" />
32-->[androidx.core:core:1.13.1] AndroidManifest.xml:24:9-44
33
34    <uses-permission android:name="com.example.mapboxnavigation.DYNAMIC_RECEIVER_NOT_EXPORTED_PERMISSION" /> <!-- Required by older versions of Google Play services to create GCM registration tokens -->
34-->[androidx.core:core:1.13.1] AndroidManifest.xml:26:5-97
34-->[androidx.core:core:1.13.1] AndroidManifest.xml:26:22-94
35    <uses-permission android:name="com.google.android.c2dm.permission.RECEIVE" />
35-->[com.google.android.gms:play-services-gcm:16.0.0] AndroidManifest.xml:23:5-82
35-->[com.google.android.gms:play-services-gcm:16.0.0] AndroidManifest.xml:23:22-79
36
37    <application
37-->src\main\AndroidManifest.xml:9:5-77:19
38        android:allowBackup="true"
38-->src\main\AndroidManifest.xml:10:9-35
39        android:appComponentFactory="androidx.core.app.CoreComponentFactory"
39-->[androidx.core:core:1.13.1] AndroidManifest.xml:28:18-86
40        android:dataExtractionRules="@xml/data_extraction_rules"
40-->src\main\AndroidManifest.xml:11:9-65
41        android:debuggable="true"
42        android:extractNativeLibs="false"
43        android:fullBackupContent="@xml/backup_rules"
43-->src\main\AndroidManifest.xml:12:9-54
44        android:icon="@mipmap/ic_launcher"
44-->src\main\AndroidManifest.xml:13:9-43
45        android:label="@string/app_name"
45-->src\main\AndroidManifest.xml:14:9-41
46        android:roundIcon="@mipmap/ic_launcher_round"
46-->src\main\AndroidManifest.xml:15:9-54
47        android:supportsRtl="true"
47-->src\main\AndroidManifest.xml:16:9-35
48        android:theme="@style/Theme.MapboxNavigation" >
48-->src\main\AndroidManifest.xml:17:9-54
49        <activity
49-->src\main\AndroidManifest.xml:19:9-21:40
50            android:name="com.example.mapboxnavigation.SignupActivity"
50-->src\main\AndroidManifest.xml:20:13-43
51            android:exported="false" />
51-->src\main\AndroidManifest.xml:21:13-37
52        <activity
52-->src\main\AndroidManifest.xml:22:9-24:40
53            android:name="com.example.mapboxnavigation.HelplineActivity"
53-->src\main\AndroidManifest.xml:23:13-45
54            android:exported="false" />
54-->src\main\AndroidManifest.xml:24:13-37
55        <activity
55-->src\main\AndroidManifest.xml:25:9-33:20
56            android:name="com.example.mapboxnavigation.SOSMessageSender"
56-->src\main\AndroidManifest.xml:26:13-45
57            android:exported="true" >
57-->src\main\AndroidManifest.xml:27:13-36
58            <intent-filter>
58-->src\main\AndroidManifest.xml:28:13-32:29
59                <action android:name="android.intent.action.MAIN" />
59-->src\main\AndroidManifest.xml:29:17-69
59-->src\main\AndroidManifest.xml:29:25-66
60
61                <category android:name="android.intent.category.LAUNCHER" />
61-->src\main\AndroidManifest.xml:31:17-77
61-->src\main\AndroidManifest.xml:31:27-74
62            </intent-filter>
63        </activity>
64        <activity
64-->src\main\AndroidManifest.xml:34:9-36:40
65            android:name="com.example.mapboxnavigation.ProfileActivity"
65-->src\main\AndroidManifest.xml:35:13-44
66            android:exported="false" />
66-->src\main\AndroidManifest.xml:36:13-37
67        <activity
67-->src\main\AndroidManifest.xml:37:9-45:20
68            android:name="com.example.mapboxnavigation.MainActivity2"
68-->src\main\AndroidManifest.xml:38:13-42
69            android:exported="true" >
69-->src\main\AndroidManifest.xml:39:13-36
70            <intent-filter>
70-->src\main\AndroidManifest.xml:28:13-32:29
71                <action android:name="android.intent.action.MAIN" />
71-->src\main\AndroidManifest.xml:29:17-69
71-->src\main\AndroidManifest.xml:29:25-66
72
73                <category android:name="android.intent.category.LAUNCHER" />
73-->src\main\AndroidManifest.xml:31:17-77
73-->src\main\AndroidManifest.xml:31:27-74
74            </intent-filter>
75        </activity>
76        <activity
76-->src\main\AndroidManifest.xml:46:9-54:20
77            android:name="com.example.mapboxnavigation.msg"
77-->src\main\AndroidManifest.xml:47:13-32
78            android:exported="true" >
78-->src\main\AndroidManifest.xml:48:13-36
79            <intent-filter>
79-->src\main\AndroidManifest.xml:28:13-32:29
80                <action android:name="android.intent.action.MAIN" />
80-->src\main\AndroidManifest.xml:29:17-69
80-->src\main\AndroidManifest.xml:29:25-66
81
82                <category android:name="android.intent.category.LAUNCHER" />
82-->src\main\AndroidManifest.xml:31:17-77
82-->src\main\AndroidManifest.xml:31:27-74
83            </intent-filter>
84        </activity>
85        <activity
85-->src\main\AndroidManifest.xml:55:9-63:20
86            android:name="com.example.mapboxnavigation.LoginActivity"
86-->src\main\AndroidManifest.xml:56:13-42
87            android:exported="true" >
87-->src\main\AndroidManifest.xml:57:13-36
88            <intent-filter>
88-->src\main\AndroidManifest.xml:28:13-32:29
89                <action android:name="android.intent.action.MAIN" />
89-->src\main\AndroidManifest.xml:29:17-69
89-->src\main\AndroidManifest.xml:29:25-66
90
91                <category android:name="android.intent.category.LAUNCHER" />
91-->src\main\AndroidManifest.xml:31:17-77
91-->src\main\AndroidManifest.xml:31:27-74
92            </intent-filter>
93        </activity>
94        <activity
94-->src\main\AndroidManifest.xml:64:9-72:20
95            android:name="com.example.mapboxnavigation.MainActivity"
95-->src\main\AndroidManifest.xml:65:13-41
96            android:exported="true" >
96-->src\main\AndroidManifest.xml:66:13-36
97            <intent-filter>
97-->src\main\AndroidManifest.xml:28:13-32:29
98                <action android:name="android.intent.action.MAIN" />
98-->src\main\AndroidManifest.xml:29:17-69
98-->src\main\AndroidManifest.xml:29:25-66
99
100                <category android:name="android.intent.category.LAUNCHER" />
100-->src\main\AndroidManifest.xml:31:17-77
100-->src\main\AndroidManifest.xml:31:27-74
101            </intent-filter>
102        </activity>
103
104        <meta-data
104-->src\main\AndroidManifest.xml:74:9-76:57
105            android:name="preloaded_fonts"
105-->src\main\AndroidManifest.xml:75:13-43
106            android:resource="@array/preloaded_fonts" />
106-->src\main\AndroidManifest.xml:76:13-54
107
108        <provider
108-->[com.mapbox.navigation:core:2.15.2] AndroidManifest.xml:18:9-26:20
109            android:name="androidx.startup.InitializationProvider"
109-->[com.mapbox.navigation:core:2.15.2] AndroidManifest.xml:19:13-67
110            android:authorities="com.example.mapboxnavigation.androidx-startup"
110-->[com.mapbox.navigation:core:2.15.2] AndroidManifest.xml:20:13-68
111            android:exported="false" >
111-->[com.mapbox.navigation:core:2.15.2] AndroidManifest.xml:21:13-37
112            <meta-data
112-->[com.mapbox.navigation:core:2.15.2] AndroidManifest.xml:23:13-25:52
113                android:name="com.mapbox.navigation.core.internal.MapboxNavigationSDKInitializer"
113-->[com.mapbox.navigation:core:2.15.2] AndroidManifest.xml:24:17-98
114                android:value="androidx.startup" />
114-->[com.mapbox.navigation:core:2.15.2] AndroidManifest.xml:25:17-49
115            <meta-data
115-->[com.mapbox.search:mapbox-search-android:1.0.0-rc.6] AndroidManifest.xml:18:13-20:52
116                android:name="com.mapbox.search.MapboxSearchSdkInitializer"
116-->[com.mapbox.search:mapbox-search-android:1.0.0-rc.6] AndroidManifest.xml:19:17-76
117                android:value="androidx.startup" />
117-->[com.mapbox.search:mapbox-search-android:1.0.0-rc.6] AndroidManifest.xml:20:17-49
118            <meta-data
118-->[com.mapbox.search:base:1.0.0-rc.6] AndroidManifest.xml:18:13-20:52
119                android:name="com.mapbox.search.base.BaseSearchSdkInitializer"
119-->[com.mapbox.search:base:1.0.0-rc.6] AndroidManifest.xml:19:17-79
120                android:value="androidx.startup" /> <!-- This entry makes MapboxNavigationNativeInitializer discoverable. -->
120-->[com.mapbox.search:base:1.0.0-rc.6] AndroidManifest.xml:20:17-49
121            <meta-data
121-->[com.mapbox.navigator:mapbox-navigation-native:148.0.2] AndroidManifest.xml:20:13-22:52
122                android:name="com.mapbox.navigator.MapboxNavigationNativeInitializer"
122-->[com.mapbox.navigator:mapbox-navigation-native:148.0.2] AndroidManifest.xml:21:17-86
123                android:value="androidx.startup" />
123-->[com.mapbox.navigator:mapbox-navigation-native:148.0.2] AndroidManifest.xml:22:17-49
124            <meta-data
124-->[com.mapbox.maps:android-core:10.15.0] AndroidManifest.xml:27:13-29:52
125                android:name="com.mapbox.maps.loader.MapboxMapsInitializer"
125-->[com.mapbox.maps:android-core:10.15.0] AndroidManifest.xml:28:17-76
126                android:value="androidx.startup" /> <!-- This entry makes MapboxSDKCommonInitializer discoverable. -->
126-->[com.mapbox.maps:android-core:10.15.0] AndroidManifest.xml:29:17-49
127            <meta-data
127-->[com.mapbox.common:common:23.7.0] AndroidManifest.xml:21:13-23:52
128                android:name="com.mapbox.common.MapboxSDKCommonInitializer"
128-->[com.mapbox.common:common:23.7.0] AndroidManifest.xml:22:17-76
129                android:value="androidx.startup" />
129-->[com.mapbox.common:common:23.7.0] AndroidManifest.xml:23:17-49
130            <meta-data
130-->[androidx.emoji2:emoji2:1.3.0] AndroidManifest.xml:29:13-31:52
131                android:name="androidx.emoji2.text.EmojiCompatInitializer"
131-->[androidx.emoji2:emoji2:1.3.0] AndroidManifest.xml:30:17-75
132                android:value="androidx.startup" />
132-->[androidx.emoji2:emoji2:1.3.0] AndroidManifest.xml:31:17-49
133            <meta-data
133-->[androidx.work:work-runtime:2.7.1] AndroidManifest.xml:36:13-38:52
134                android:name="androidx.work.WorkManagerInitializer"
134-->[androidx.work:work-runtime:2.7.1] AndroidManifest.xml:37:17-68
135                android:value="androidx.startup" />
135-->[androidx.work:work-runtime:2.7.1] AndroidManifest.xml:38:17-49
136            <meta-data
136-->[androidx.lifecycle:lifecycle-process:2.6.2] AndroidManifest.xml:29:13-31:52
137                android:name="androidx.lifecycle.ProcessLifecycleInitializer"
137-->[androidx.lifecycle:lifecycle-process:2.6.2] AndroidManifest.xml:30:17-78
138                android:value="androidx.startup" />
138-->[androidx.lifecycle:lifecycle-process:2.6.2] AndroidManifest.xml:31:17-49
139            <meta-data
139-->[androidx.profileinstaller:profileinstaller:1.3.1] AndroidManifest.xml:29:13-31:52
140                android:name="androidx.profileinstaller.ProfileInstallerInitializer"
140-->[androidx.profileinstaller:profileinstaller:1.3.1] AndroidManifest.xml:30:17-85
141                android:value="androidx.startup" />
141-->[androidx.profileinstaller:profileinstaller:1.3.1] AndroidManifest.xml:31:17-49
142        </provider>
143
144        <service
144-->[com.mapbox.navigation:core:2.15.2] AndroidManifest.xml:28:9-30:56
145            android:name="com.mapbox.navigation.core.trip.service.NavigationNotificationService"
145-->[com.mapbox.navigation:core:2.15.2] AndroidManifest.xml:29:13-97
146            android:foregroundServiceType="location" />
146-->[com.mapbox.navigation:core:2.15.2] AndroidManifest.xml:30:13-53
147
148        <receiver
148-->[com.mapbox.common:common:23.7.0] AndroidManifest.xml:26:9-33:20
149            android:name="com.mapbox.common.location.LocationUpdatesReceiver"
149-->[com.mapbox.common:common:23.7.0] AndroidManifest.xml:27:13-78
150            android:enabled="true"
150-->[com.mapbox.common:common:23.7.0] AndroidManifest.xml:28:13-35
151            android:exported="false" >
151-->[com.mapbox.common:common:23.7.0] AndroidManifest.xml:29:13-37
152            <intent-filter>
152-->[com.mapbox.common:common:23.7.0] AndroidManifest.xml:30:13-32:29
153                <action android:name="com.mapbox.common.location.LocationUpdatesReceiver.ACTION_PROCESS_LOCATION_UPDATES" />
153-->[com.mapbox.common:common:23.7.0] AndroidManifest.xml:31:17-125
153-->[com.mapbox.common:common:23.7.0] AndroidManifest.xml:31:25-122
154            </intent-filter>
155        </receiver>
156
157        <service
157-->[com.mapbox.common:common:23.7.0] AndroidManifest.xml:35:9-37:40
158            android:name="com.mapbox.common.LifecycleService"
158-->[com.mapbox.common:common:23.7.0] AndroidManifest.xml:36:13-62
159            android:exported="false" />
159-->[com.mapbox.common:common:23.7.0] AndroidManifest.xml:37:13-37
160        <service
160-->[androidx.work:work-runtime:2.7.1] AndroidManifest.xml:41:9-46:35
161            android:name="androidx.work.impl.background.systemalarm.SystemAlarmService"
161-->[androidx.work:work-runtime:2.7.1] AndroidManifest.xml:42:13-88
162            android:directBootAware="false"
162-->[androidx.work:work-runtime:2.7.1] AndroidManifest.xml:43:13-44
163            android:enabled="@bool/enable_system_alarm_service_default"
163-->[androidx.work:work-runtime:2.7.1] AndroidManifest.xml:44:13-72
164            android:exported="false" />
164-->[androidx.work:work-runtime:2.7.1] AndroidManifest.xml:45:13-37
165        <service
165-->[androidx.work:work-runtime:2.7.1] AndroidManifest.xml:47:9-53:35
166            android:name="androidx.work.impl.background.systemjob.SystemJobService"
166-->[androidx.work:work-runtime:2.7.1] AndroidManifest.xml:48:13-84
167            android:directBootAware="false"
167-->[androidx.work:work-runtime:2.7.1] AndroidManifest.xml:49:13-44
168            android:enabled="@bool/enable_system_job_service_default"
168-->[androidx.work:work-runtime:2.7.1] AndroidManifest.xml:50:13-70
169            android:exported="true"
169-->[androidx.work:work-runtime:2.7.1] AndroidManifest.xml:51:13-36
170            android:permission="android.permission.BIND_JOB_SERVICE" />
170-->[androidx.work:work-runtime:2.7.1] AndroidManifest.xml:52:13-69
171        <service
171-->[androidx.work:work-runtime:2.7.1] AndroidManifest.xml:54:9-59:35
172            android:name="androidx.work.impl.foreground.SystemForegroundService"
172-->[androidx.work:work-runtime:2.7.1] AndroidManifest.xml:55:13-81
173            android:directBootAware="false"
173-->[androidx.work:work-runtime:2.7.1] AndroidManifest.xml:56:13-44
174            android:enabled="@bool/enable_system_foreground_service_default"
174-->[androidx.work:work-runtime:2.7.1] AndroidManifest.xml:57:13-77
175            android:exported="false" />
175-->[androidx.work:work-runtime:2.7.1] AndroidManifest.xml:58:13-37
176
177        <receiver
177-->[androidx.work:work-runtime:2.7.1] AndroidManifest.xml:61:9-66:35
178            android:name="androidx.work.impl.utils.ForceStopRunnable$BroadcastReceiver"
178-->[androidx.work:work-runtime:2.7.1] AndroidManifest.xml:62:13-88
179            android:directBootAware="false"
179-->[androidx.work:work-runtime:2.7.1] AndroidManifest.xml:63:13-44
180            android:enabled="true"
180-->[androidx.work:work-runtime:2.7.1] AndroidManifest.xml:64:13-35
181            android:exported="false" />
181-->[androidx.work:work-runtime:2.7.1] AndroidManifest.xml:65:13-37
182        <receiver
182-->[androidx.work:work-runtime:2.7.1] AndroidManifest.xml:67:9-77:20
183            android:name="androidx.work.impl.background.systemalarm.ConstraintProxy$BatteryChargingProxy"
183-->[androidx.work:work-runtime:2.7.1] AndroidManifest.xml:68:13-106
184            android:directBootAware="false"
184-->[androidx.work:work-runtime:2.7.1] AndroidManifest.xml:69:13-44
185            android:enabled="false"
185-->[androidx.work:work-runtime:2.7.1] AndroidManifest.xml:70:13-36
186            android:exported="false" >
186-->[androidx.work:work-runtime:2.7.1] AndroidManifest.xml:71:13-37
187            <intent-filter>
187-->[androidx.work:work-runtime:2.7.1] AndroidManifest.xml:73:13-76:29
188                <action android:name="android.intent.action.ACTION_POWER_CONNECTED" />
188-->[androidx.work:work-runtime:2.7.1] AndroidManifest.xml:74:17-87
188-->[androidx.work:work-runtime:2.7.1] AndroidManifest.xml:74:25-84
189                <action android:name="android.intent.action.ACTION_POWER_DISCONNECTED" />
189-->[androidx.work:work-runtime:2.7.1] AndroidManifest.xml:75:17-90
189-->[androidx.work:work-runtime:2.7.1] AndroidManifest.xml:75:25-87
190            </intent-filter>
191        </receiver>
192        <receiver
192-->[androidx.work:work-runtime:2.7.1] AndroidManifest.xml:78:9-88:20
193            android:name="androidx.work.impl.background.systemalarm.ConstraintProxy$BatteryNotLowProxy"
193-->[androidx.work:work-runtime:2.7.1] AndroidManifest.xml:79:13-104
194            android:directBootAware="false"
194-->[androidx.work:work-runtime:2.7.1] AndroidManifest.xml:80:13-44
195            android:enabled="false"
195-->[androidx.work:work-runtime:2.7.1] AndroidManifest.xml:81:13-36
196            android:exported="false" >
196-->[androidx.work:work-runtime:2.7.1] AndroidManifest.xml:82:13-37
197            <intent-filter>
197-->[androidx.work:work-runtime:2.7.1] AndroidManifest.xml:84:13-87:29
198                <action android:name="android.intent.action.BATTERY_OKAY" />
198-->[androidx.work:work-runtime:2.7.1] AndroidManifest.xml:85:17-77
198-->[androidx.work:work-runtime:2.7.1] AndroidManifest.xml:85:25-74
199                <action android:name="android.intent.action.BATTERY_LOW" />
199-->[androidx.work:work-runtime:2.7.1] AndroidManifest.xml:86:17-76
199-->[androidx.work:work-runtime:2.7.1] AndroidManifest.xml:86:25-73
200            </intent-filter>
201        </receiver>
202        <receiver
202-->[androidx.work:work-runtime:2.7.1] AndroidManifest.xml:89:9-99:20
203            android:name="androidx.work.impl.background.systemalarm.ConstraintProxy$StorageNotLowProxy"
203-->[androidx.work:work-runtime:2.7.1] AndroidManifest.xml:90:13-104
204            android:directBootAware="false"
204-->[androidx.work:work-runtime:2.7.1] AndroidManifest.xml:91:13-44
205            android:enabled="false"
205-->[androidx.work:work-runtime:2.7.1] AndroidManifest.xml:92:13-36
206            android:exported="false" >
206-->[androidx.work:work-runtime:2.7.1] AndroidManifest.xml:93:13-37
207            <intent-filter>
207-->[androidx.work:work-runtime:2.7.1] AndroidManifest.xml:95:13-98:29
208                <action android:name="android.intent.action.DEVICE_STORAGE_LOW" />
208-->[androidx.work:work-runtime:2.7.1] AndroidManifest.xml:96:17-83
208-->[androidx.work:work-runtime:2.7.1] AndroidManifest.xml:96:25-80
209                <action android:name="android.intent.action.DEVICE_STORAGE_OK" />
209-->[androidx.work:work-runtime:2.7.1] AndroidManifest.xml:97:17-82
209-->[androidx.work:work-runtime:2.7.1] AndroidManifest.xml:97:25-79
210            </intent-filter>
211        </receiver>
212        <receiver
212-->[androidx.work:work-runtime:2.7.1] AndroidManifest.xml:100:9-109:20
213            android:name="androidx.work.impl.background.systemalarm.ConstraintProxy$NetworkStateProxy"
213-->[androidx.work:work-runtime:2.7.1] AndroidManifest.xml:101:13-103
214            android:directBootAware="false"
214-->[androidx.work:work-runtime:2.7.1] AndroidManifest.xml:102:13-44
215            android:enabled="false"
215-->[androidx.work:work-runtime:2.7.1] AndroidManifest.xml:103:13-36
216            android:exported="false" >
216-->[androidx.work:work-runtime:2.7.1] AndroidManifest.xml:104:13-37
217            <intent-filter>
217-->[androidx.work:work-runtime:2.7.1] AndroidManifest.xml:106:13-108:29
218                <action android:name="android.net.conn.CONNECTIVITY_CHANGE" />
218-->[androidx.work:work-runtime:2.7.1] AndroidManifest.xml:107:17-79
218-->[androidx.work:work-runtime:2.7.1] AndroidManifest.xml:107:25-76
219            </intent-filter>
220        </receiver>
221        <receiver
221-->[androidx.work:work-runtime:2.7.1] AndroidManifest.xml:110:9-121:20
222            android:name="androidx.work.impl.background.systemalarm.RescheduleReceiver"
222-->[androidx.work:work-runtime:2.7.1] AndroidManifest.xml:111:13-88
223            android:directBootAware="false"
223-->[androidx.work:work-runtime:2.7.1] AndroidManifest.xml:112:13-44
224            android:enabled="false"
224-->[androidx.work:work-runtime:2.7.1] AndroidManifest.xml:113:13-36
225            android:exported="false" >
225-->[androidx.work:work-runtime:2.7.1] AndroidManifest.xml:114:13-37
226            <intent-filter>
226-->[androidx.work:work-runtime:2.7.1] AndroidManifest.xml:116:13-120:29
227                <action android:name="android.intent.action.BOOT_COMPLETED" />
227-->[androidx.work:work-runtime:2.7.1] AndroidManifest.xml:117:17-79
227-->[androidx.work:work-runtime:2.7.1] AndroidManifest.xml:117:25-76
228                <action android:name="android.intent.action.TIME_SET" />
228-->[androidx.work:work-runtime:2.7.1] AndroidManifest.xml:118:17-73
228-->[androidx.work:work-runtime:2.7.1] AndroidManifest.xml:118:25-70
229                <action android:name="android.intent.action.TIMEZONE_CHANGED" />
229-->[androidx.work:work-runtime:2.7.1] AndroidManifest.xml:119:17-81
229-->[androidx.work:work-runtime:2.7.1] AndroidManifest.xml:119:25-78
230            </intent-filter>
231        </receiver>
232        <receiver
232-->[androidx.work:work-runtime:2.7.1] AndroidManifest.xml:122:9-131:20
233            android:name="androidx.work.impl.background.systemalarm.ConstraintProxyUpdateReceiver"
233-->[androidx.work:work-runtime:2.7.1] AndroidManifest.xml:123:13-99
234            android:directBootAware="false"
234-->[androidx.work:work-runtime:2.7.1] AndroidManifest.xml:124:13-44
235            android:enabled="@bool/enable_system_alarm_service_default"
235-->[androidx.work:work-runtime:2.7.1] AndroidManifest.xml:125:13-72
236            android:exported="false" >
236-->[androidx.work:work-runtime:2.7.1] AndroidManifest.xml:126:13-37
237            <intent-filter>
237-->[androidx.work:work-runtime:2.7.1] AndroidManifest.xml:128:13-130:29
238                <action android:name="androidx.work.impl.background.systemalarm.UpdateProxies" />
238-->[androidx.work:work-runtime:2.7.1] AndroidManifest.xml:129:17-98
238-->[androidx.work:work-runtime:2.7.1] AndroidManifest.xml:129:25-95
239            </intent-filter>
240        </receiver>
241        <receiver
241-->[androidx.work:work-runtime:2.7.1] AndroidManifest.xml:132:9-142:20
242            android:name="androidx.work.impl.diagnostics.DiagnosticsReceiver"
242-->[androidx.work:work-runtime:2.7.1] AndroidManifest.xml:133:13-78
243            android:directBootAware="false"
243-->[androidx.work:work-runtime:2.7.1] AndroidManifest.xml:134:13-44
244            android:enabled="true"
244-->[androidx.work:work-runtime:2.7.1] AndroidManifest.xml:135:13-35
245            android:exported="true"
245-->[androidx.work:work-runtime:2.7.1] AndroidManifest.xml:136:13-36
246            android:permission="android.permission.DUMP" >
246-->[androidx.work:work-runtime:2.7.1] AndroidManifest.xml:137:13-57
247            <intent-filter>
247-->[androidx.work:work-runtime:2.7.1] AndroidManifest.xml:139:13-141:29
248                <action android:name="androidx.work.diagnostics.REQUEST_DIAGNOSTICS" />
248-->[androidx.work:work-runtime:2.7.1] AndroidManifest.xml:140:17-88
248-->[androidx.work:work-runtime:2.7.1] AndroidManifest.xml:140:25-85
249            </intent-filter>
250        </receiver>
251        <receiver
251-->[androidx.profileinstaller:profileinstaller:1.3.1] AndroidManifest.xml:34:9-52:20
252            android:name="androidx.profileinstaller.ProfileInstallReceiver"
252-->[androidx.profileinstaller:profileinstaller:1.3.1] AndroidManifest.xml:35:13-76
253            android:directBootAware="false"
253-->[androidx.profileinstaller:profileinstaller:1.3.1] AndroidManifest.xml:36:13-44
254            android:enabled="true"
254-->[androidx.profileinstaller:profileinstaller:1.3.1] AndroidManifest.xml:37:13-35
255            android:exported="true"
255-->[androidx.profileinstaller:profileinstaller:1.3.1] AndroidManifest.xml:38:13-36
256            android:permission="android.permission.DUMP" >
256-->[androidx.profileinstaller:profileinstaller:1.3.1] AndroidManifest.xml:39:13-57
257            <intent-filter>
257-->[androidx.profileinstaller:profileinstaller:1.3.1] AndroidManifest.xml:40:13-42:29
258                <action android:name="androidx.profileinstaller.action.INSTALL_PROFILE" />
258-->[androidx.profileinstaller:profileinstaller:1.3.1] AndroidManifest.xml:41:17-91
258-->[androidx.profileinstaller:profileinstaller:1.3.1] AndroidManifest.xml:41:25-88
259            </intent-filter>
260            <intent-filter>
260-->[androidx.profileinstaller:profileinstaller:1.3.1] AndroidManifest.xml:43:13-45:29
261                <action android:name="androidx.profileinstaller.action.SKIP_FILE" />
261-->[androidx.profileinstaller:profileinstaller:1.3.1] AndroidManifest.xml:44:17-85
261-->[androidx.profileinstaller:profileinstaller:1.3.1] AndroidManifest.xml:44:25-82
262            </intent-filter>
263            <intent-filter>
263-->[androidx.profileinstaller:profileinstaller:1.3.1] AndroidManifest.xml:46:13-48:29
264                <action android:name="androidx.profileinstaller.action.SAVE_PROFILE" />
264-->[androidx.profileinstaller:profileinstaller:1.3.1] AndroidManifest.xml:47:17-88
264-->[androidx.profileinstaller:profileinstaller:1.3.1] AndroidManifest.xml:47:25-85
265            </intent-filter>
266            <intent-filter>
266-->[androidx.profileinstaller:profileinstaller:1.3.1] AndroidManifest.xml:49:13-51:29
267                <action android:name="androidx.profileinstaller.action.BENCHMARK_OPERATION" />
267-->[androidx.profileinstaller:profileinstaller:1.3.1] AndroidManifest.xml:50:17-95
267-->[androidx.profileinstaller:profileinstaller:1.3.1] AndroidManifest.xml:50:25-92
268            </intent-filter>
269        </receiver>
270
271        <service
271-->[androidx.room:room-runtime:2.2.5] AndroidManifest.xml:25:9-28:40
272            android:name="androidx.room.MultiInstanceInvalidationService"
272-->[androidx.room:room-runtime:2.2.5] AndroidManifest.xml:26:13-74
273            android:directBootAware="true"
273-->[androidx.room:room-runtime:2.2.5] AndroidManifest.xml:27:13-43
274            android:exported="false" />
274-->[androidx.room:room-runtime:2.2.5] AndroidManifest.xml:28:13-37
275
276        <activity
276-->[com.google.android.gms:play-services-base:16.0.1] AndroidManifest.xml:23:9-26:75
277            android:name="com.google.android.gms.common.api.GoogleApiActivity"
277-->[com.google.android.gms:play-services-base:16.0.1] AndroidManifest.xml:24:13-79